#
# There is insufficient memory for the Java Runtime Environment to continue.
# Native memory allocation (malloc) failed to allocate 1048576 bytes for AllocateHeap
# Possible reasons:
#   The system is out of physical RAM or swap space
#   The process is running with CompressedOops enabled, and the Java Heap may be blocking the growth of the native heap
# Possible solutions:
#   Reduce memory load on the system
#   Increase physical memory or swap space
#   Check if swap backing store is full
#   Decrease Java heap size (-Xmx/-Xms)
#   Decrease number of Java threads
#   Decrease Java thread stack sizes (-Xss)
#   Set larger code cache with -XX:ReservedCodeCacheSize=
#   JVM is running with Zero Based Compressed Oops mode in which the Java heap is
#     placed in the first 32GB address space. The Java Heap base address is the
#     maximum limit for the native heap growth. Please use -XX:HeapBaseMinAddress
#     to set the Java Heap base and to place the Java Heap above 32GB virtual address.
# This output file may be truncated or incomplete.
#
#  Out of Memory Error (allocation.cpp:44), pid=30120, tid=3324
#
# JRE version: OpenJDK Runtime Environment Temurin-17.0.4+8 (17.0.4+8) (build 17.0.4+8)
# Java VM: OpenJDK 64-Bit Server VM Temurin-17.0.4+8 (17.0.4+8, mixed mode, emulated-client, tiered, compressed oops, compressed class ptrs, g1 gc, windows-amd64)
# No core dump will be written. Minidumps are not enabled by default on client versions of Windows
#

---------------  S U M M A R Y ------------

Command Line: -Dsts.lsp.client=vscode -Dsts.log.file=/dev/null -XX:TieredStopAtLevel=1 -Xlog:jni+resolve=off -Dspring.config.location=file:c:\Users\thoma\.vscode\extensions\pivotal.vscode-spring-boot-1.39.0\language-server\BOOT-INF\classes\application.properties org.springframework.ide.vscode.boot.app.BootLanguageServerBootApp

Host: Intel(R) Core(TM) i7-9750H CPU @ 2.60GHz, 12 cores, 15G,  Windows 10 , 64 bit Build 19041 (10.0.19041.1889)
Time: Tue Sep 20 12:05:40 2022 Eastern Daylight Time elapsed time: 3412.572152 seconds (0d 0h 56m 52s)

---------------  T H R E A D  ---------------

Current thread (0x0000023cb9823c20):  VMThread "VM Thread" [stack: 0x000000762ca00000,0x000000762cb00000] [id=3324]

Stack: [0x000000762ca00000,0x000000762cb00000]
Native frames: (J=compiled Java code, j=interpreted, Vv=VM code, C=native code)
V  [jvm.dll+0x67733a]
V  [jvm.dll+0x8323c4]
V  [jvm.dll+0x833b6e]
V  [jvm.dll+0x8341d3]
V  [jvm.dll+0x2455e5]
V  [jvm.dll+0xa6393]
V  [jvm.dll+0x2f57a3]
V  [jvm.dll+0x2f14b0]
V  [jvm.dll+0x2d9b97]
V  [jvm.dll+0x31cca7]
V  [jvm.dll+0x83867b]
V  [jvm.dll+0x8393b4]
V  [jvm.dll+0x8398cc]
V  [jvm.dll+0x839ca4]
V  [jvm.dll+0x839d70]
V  [jvm.dll+0x7e245a]
V  [jvm.dll+0x6761c5]
C  [ucrtbase.dll+0x21bb2]
C  [KERNEL32.DLL+0x17034]
C  [ntdll.dll+0x526a1]

VM_Operation (0x000000762f9fecb0): G1CollectFull, mode: safepoint, requested by thread 0x0000023cbba312c0


---------------  P R O C E S S  ---------------

Threads class SMR info:
_java_thread_list=0x0000023cbb043d10, length=55, elements={
0x0000023cb983d3a0, 0x0000023cb983de60, 0x0000023cb987a130, 0x0000023cb987cb00,
0x0000023cb987e3d0, 0x0000023cb987f2a0, 0x0000023cb9883110, 0x0000023cb988ba20,
0x0000023cb9aa5890, 0x0000023cb9aa9f30, 0x0000023cbb82beb0, 0x0000023cbba312c0,
0x0000023cbba36e30, 0x0000023cbba35620, 0x0000023cbba35150, 0x0000023cbba32130,
0x0000023cbba32ad0, 0x0000023cbba32600, 0x0000023cbba36490, 0x0000023cbba33470,
0x0000023cbba33e10, 0x0000023cbba35af0, 0x0000023cbba30450, 0x0000023cbba35fc0,
0x0000023cbba34c80, 0x0000023cbba31790, 0x0000023cbba37300, 0x0000023cbba36960,
0x0000023cbba342e0, 0x0000023cbba347b0, 0x0000023cbba377d0, 0x0000023cbba30920,
0x0000023cbba30df0, 0x0000023cbba31c60, 0x0000023cbd8b4d90, 0x0000023cbd8b3580,
0x0000023cbd8b2be0, 0x0000023cbd8b30b0, 0x0000023cbd8b6a70, 0x0000023cbd8b1d70,
0x0000023cbd8b43f0, 0x0000023cbd8b3f20, 0x0000023cbd8b5730, 0x0000023cbd8b78e0,
0x0000023cbd8b5260, 0x0000023cbd8b7db0, 0x0000023cbd8b18a0, 0x0000023cbd8b5c00,
0x0000023cbd8b3a50, 0x0000023cbd8b60d0, 0x0000023cbd8b7410, 0x0000023cbd8b65a0,
0x0000023cbd8b8280, 0x0000023cbd8b8750, 0x0000023cbba33940
}

Java Threads: ( => current thread )
  0x0000023cb983d3a0 JavaThread "Reference Handler" daemon [_thread_blocked, id=7052, stack(0x000000762cb00000,0x000000762cc00000)]
  0x0000023cb983de60 JavaThread "Finalizer" daemon [_thread_blocked, id=28004, stack(0x000000762cc00000,0x000000762cd00000)]
  0x0000023cb987a130 JavaThread "Signal Dispatcher" daemon [_thread_blocked, id=19636, stack(0x000000762cd00000,0x000000762ce00000)]
  0x0000023cb987cb00 JavaThread "Attach Listener" daemon [_thread_blocked, id=16524, stack(0x000000762ce00000,0x000000762cf00000)]
  0x0000023cb987e3d0 JavaThread "Service Thread" daemon [_thread_blocked, id=29992, stack(0x000000762cf00000,0x000000762d000000)]
  0x0000023cb987f2a0 JavaThread "Monitor Deflation Thread" daemon [_thread_blocked, id=22864, stack(0x000000762d000000,0x000000762d100000)]
  0x0000023cb9883110 JavaThread "C1 CompilerThread0" daemon [_thread_blocked, id=26396, stack(0x000000762d100000,0x000000762d200000)]
  0x0000023cb988ba20 JavaThread "Sweeper thread" daemon [_thread_blocked, id=19416, stack(0x000000762d200000,0x000000762d300000)]
  0x0000023cb9aa5890 JavaThread "Notification Thread" daemon [_thread_blocked, id=19796, stack(0x000000762d500000,0x000000762d600000)]
  0x0000023cb9aa9f30 JavaThread "Common-Cleaner" daemon [_thread_blocked, id=23908, stack(0x000000762d700000,0x000000762d800000)]
  0x0000023cbb82beb0 JavaThread "boundedElastic-evictor-1" daemon [_thread_blocked, id=22296, stack(0x000000762e100000,0x000000762e200000)]
  0x0000023cbba312c0 JavaThread "pool-9-thread-1" [_thread_blocked, id=27532, stack(0x000000762f900000,0x000000762fa00000)]
  0x0000023cbba36e30 JavaThread "LanguageServerApp-lifecycle" [_thread_blocked, id=22424, stack(0x000000762fa00000,0x000000762fb00000)]
  0x0000023cbba35620 JavaThread "DestroyJavaVM" [_thread_blocked, id=24800, stack(0x000000762c400000,0x000000762c500000)]
  0x0000023cbba35150 JavaThread "pool-10-thread-1" [_thread_in_native, id=25020, stack(0x0000007630000000,0x0000007630100000)]
  0x0000023cbba32130 JavaThread "Simple-Language-Server main thread" daemon [_thread_blocked, id=12048, stack(0x0000007630100000,0x0000007630200000)]
  0x0000023cbba32ad0 JavaThread "parallel-1" daemon [_thread_blocked, id=29668, stack(0x0000007630200000,0x0000007630300000)]
  0x0000023cbba32600 JavaThread "pool-5-thread-1" [_thread_blocked, id=2424, stack(0x0000007630300000,0x0000007630400000)]
  0x0000023cbba36490 JavaThread "pool-7-thread-1" [_thread_blocked, id=6896, stack(0x000000762c100000,0x000000762c200000)]
  0x0000023cbba33470 JavaThread "parallel-2" daemon [_thread_blocked, id=14776, stack(0x000000762c200000,0x000000762c300000)]
  0x0000023cbba33e10 JavaThread "Reconciler-1" daemon [_thread_blocked, id=20028, stack(0x000000762e500000,0x000000762e600000)]
  0x0000023cbba35af0 JavaThread "parallel-3" daemon [_thread_blocked, id=27376, stack(0x000000762d800000,0x000000762d900000)]
  0x0000023cbba30450 JavaThread "parallel-4" daemon [_thread_blocked, id=29044, stack(0x000000762e600000,0x000000762e700000)]
  0x0000023cbba35fc0 JavaThread "parallel-5" daemon [_thread_blocked, id=27660, stack(0x000000762e700000,0x000000762e800000)]
  0x0000023cbba34c80 JavaThread "parallel-6" daemon [_thread_blocked, id=2144, stack(0x000000762e800000,0x000000762e900000)]
  0x0000023cbba31790 JavaThread "pool-8-thread-1" [_thread_blocked, id=25716, stack(0x000000762ea00000,0x000000762eb00000)]
  0x0000023cbba37300 JavaThread "pool-8-thread-2" [_thread_in_native, id=26480, stack(0x000000762eb00000,0x000000762ec00000)]
  0x0000023cbba36960 JavaThread "pool-8-thread-3" [_thread_blocked, id=15080, stack(0x000000762ec00000,0x000000762ed00000)]
  0x0000023cbba342e0 JavaThread "pool-8-thread-4" [_thread_blocked, id=23004, stack(0x000000762ed00000,0x000000762ee00000)]
  0x0000023cbba347b0 JavaThread "pool-8-thread-5" [_thread_blocked, id=29684, stack(0x000000762ee00000,0x000000762ef00000)]
  0x0000023cbba377d0 JavaThread "pool-8-thread-6" [_thread_blocked, id=21448, stack(0x000000762ef00000,0x000000762f000000)]
  0x0000023cbba30920 JavaThread "pool-8-thread-7" [_thread_blocked, id=30588, stack(0x000000762f000000,0x000000762f100000)]
  0x0000023cbba30df0 JavaThread "pool-8-thread-8" [_thread_blocked, id=28756, stack(0x000000762f100000,0x000000762f200000)]
  0x0000023cbba31c60 JavaThread "pool-8-thread-9" [_thread_blocked, id=24620, stack(0x000000762f200000,0x000000762f300000)]
  0x0000023cbd8b4d90 JavaThread "pool-8-thread-10" [_thread_blocked, id=26808, stack(0x000000762f300000,0x000000762f400000)]
  0x0000023cbd8b3580 JavaThread "pool-6-thread-1" [_thread_blocked, id=26660, stack(0x000000762e900000,0x000000762ea00000)]
  0x0000023cbd8b2be0 JavaThread "RMI Scheduler(0)" daemon [_thread_blocked, id=25544, stack(0x000000762f600000,0x000000762f700000)]
  0x0000023cbd8b30b0 JavaThread "pool-6-thread-2" [_thread_blocked, id=22916, stack(0x0000007630600000,0x0000007630700000)]
  0x0000023cbd8b6a70 JavaThread "pool-6-thread-3" [_thread_blocked, id=19040, stack(0x0000007630700000,0x0000007630800000)]
  0x0000023cbd8b1d70 JavaThread "pool-6-thread-4" [_thread_blocked, id=1480, stack(0x000000762d400000,0x000000762d500000)]
  0x0000023cbd8b43f0 JavaThread "parallel-7" daemon [_thread_blocked, id=22768, stack(0x000000762c300000,0x000000762c400000)]
  0x0000023cbd8b3f20 JavaThread "parallel-8" daemon [_thread_blocked, id=11860, stack(0x000000762f400000,0x000000762f500000)]
  0x0000023cbd8b5730 JavaThread "parallel-9" daemon [_thread_blocked, id=28600, stack(0x0000007630800000,0x0000007630900000)]
  0x0000023cbd8b78e0 JavaThread "parallel-10" daemon [_thread_blocked, id=11112, stack(0x0000007630900000,0x0000007630a00000)]
  0x0000023cbd8b5260 JavaThread "parallel-11" daemon [_thread_blocked, id=24784, stack(0x0000007630a00000,0x0000007630b00000)]
  0x0000023cbd8b7db0 JavaThread "parallel-12" daemon [_thread_blocked, id=26192, stack(0x0000007630b00000,0x0000007630c00000)]
  0x0000023cbd8b18a0 JavaThread "pool-6-thread-5" [_thread_blocked, id=11828, stack(0x0000007630c00000,0x0000007630d00000)]
  0x0000023cbd8b5c00 JavaThread "pool-6-thread-6" [_thread_blocked, id=17388, stack(0x0000007631000000,0x0000007631100000)]
  0x0000023cbd8b3a50 JavaThread "pool-6-thread-7" [_thread_blocked, id=11748, stack(0x0000007631100000,0x0000007631200000)]
  0x0000023cbd8b60d0 JavaThread "pool-6-thread-8" [_thread_blocked, id=16564, stack(0x0000007631200000,0x0000007631300000)]
  0x0000023cbd8b7410 JavaThread "pool-6-thread-9" [_thread_blocked, id=14768, stack(0x0000007631300000,0x0000007631400000)]
  0x0000023cbd8b65a0 JavaThread "pool-6-thread-10" [_thread_blocked, id=2324, stack(0x0000007630f00000,0x0000007631000000)]
  0x0000023cbd8b8280 JavaThread "RMI GC Daemon" daemon [_thread_blocked, id=16368, stack(0x000000762f500000,0x000000762f600000)]
  0x0000023cbd8b8750 JavaThread "RMI RenewClean-[localhost:55487]" daemon [_thread_blocked, id=25912, stack(0x0000007631400000,0x0000007631500000)]
  0x0000023cbba33940 JavaThread "JMX client heartbeat 7" daemon [_thread_blocked, id=17904, stack(0x0000007631700000,0x0000007631800000)]

Other Threads:
=>0x0000023cb9823c20 VMThread "VM Thread" [stack: 0x000000762ca00000,0x000000762cb00000] [id=3324]
  0x0000023ca6c39fc0 WatcherThread [stack: 0x000000762d600000,0x000000762d700000] [id=2612]
  0x0000023ca6c14730 GCTaskThread "GC Thread#0" [stack: 0x000000762c500000,0x000000762c600000] [id=28240]
  0x0000023cba4a9e60 GCTaskThread "GC Thread#1" [stack: 0x000000762d900000,0x000000762da00000] [id=20708]
  0x0000023cba4aa110 GCTaskThread "GC Thread#2" [stack: 0x000000762da00000,0x000000762db00000] [id=9264]
  0x0000023cba4aa3c0 GCTaskThread "GC Thread#3" [stack: 0x000000762db00000,0x000000762dc00000] [id=24724]
  0x0000023cba4aa670 GCTaskThread "GC Thread#4" [stack: 0x000000762dc00000,0x000000762dd00000] [id=26664]
  0x0000023cba4aad30 GCTaskThread "GC Thread#5" [stack: 0x000000762dd00000,0x000000762de00000] [id=17440]
  0x0000023cbb1bc300 GCTaskThread "GC Thread#6" [stack: 0x000000762de00000,0x000000762df00000] [id=9988]
  0x0000023cbb1bd7d0 GCTaskThread "GC Thread#7" [stack: 0x000000762df00000,0x000000762e000000] [id=532]
  0x0000023cbb1bda80 GCTaskThread "GC Thread#8" [stack: 0x000000762e000000,0x000000762e100000] [id=27788]
  0x0000023cbb405560 GCTaskThread "GC Thread#9" [stack: 0x000000762e200000,0x000000762e300000] [id=7960]
  0x0000023ca6c25320 ConcurrentGCThread "G1 Main Marker" [stack: 0x000000762c600000,0x000000762c700000] [id=25104]
  0x0000023ca6c28390 ConcurrentGCThread "G1 Conc#0" [stack: 0x000000762c700000,0x000000762c800000] [id=1284]
  0x0000023cbb2c91a0 ConcurrentGCThread "G1 Conc#1" [stack: 0x000000762e300000,0x000000762e400000] [id=9848]
  0x0000023cbb3b3470 ConcurrentGCThread "G1 Conc#2" [stack: 0x000000762e400000,0x000000762e500000] [id=25420]
  0x0000023ca6c7e700 ConcurrentGCThread "G1 Refine#0" [stack: 0x000000762c800000,0x000000762c900000] [id=20024]
  0x0000023cbb402740 ConcurrentGCThread "G1 Refine#1" [stack: 0x000000762fb00000,0x000000762fc00000] [id=24432]
  0x0000023cbb402460 ConcurrentGCThread "G1 Refine#2" [stack: 0x000000762fc00000,0x000000762fd00000] [id=23208]
  0x0000023cbb402a20 ConcurrentGCThread "G1 Refine#3" [stack: 0x000000762fd00000,0x000000762fe00000] [id=19852]
  0x0000023cbb402d00 ConcurrentGCThread "G1 Refine#4" [stack: 0x000000762fe00000,0x000000762ff00000] [id=28140]
  0x0000023cbb4032c0 ConcurrentGCThread "G1 Refine#5" [stack: 0x000000762ff00000,0x0000007630000000] [id=26936]
  0x0000023cbbb3df60 ConcurrentGCThread "G1 Refine#6" [stack: 0x0000007630400000,0x0000007630500000] [id=19752]
  0x0000023cbbb3d9a0 ConcurrentGCThread "G1 Refine#7" [stack: 0x0000007630500000,0x0000007630600000] [id=29320]
  0x0000023cbbb3e240 ConcurrentGCThread "G1 Refine#8" [stack: 0x000000762f800000,0x000000762f900000] [id=23712]
  0x0000023cb8e4d130 ConcurrentGCThread "G1 Service" [stack: 0x000000762c900000,0x000000762ca00000] [id=24148]

Threads with active compile tasks:

VM state: at safepoint (normal execution)

VM Mutex/Monitor currently owned by a thread:  ([mutex/lock_event])
[0x0000023ca48e7df0] Threads_lock - owner thread: 0x0000023cb9823c20
[0x0000023ca6ba5630] Heap_lock - owner thread: 0x0000023cbba312c0

Heap address: 0x0000000701e00000, size: 4066 MB, Compressed Oops mode: Zero based, Oop shift amount: 3

CDS archive(s) not mapped
Compressed class space mapped at: 0x0000000800000000-0x0000000840000000, reserved size: 1073741824
Narrow klass base: 0x0000000800000000, Narrow klass shift: 0, Narrow klass range: 0x40000000

GC Precious Log:
 CPUs: 12 total, 12 available
 Memory: 16263M
 Large Page Support: Disabled
 NUMA Support: Disabled
 Compressed Oops: Enabled (Zero based)
 Heap Region Size: 2M
 Heap Min Capacity: 8M
 Heap Initial Capacity: 256M
 Heap Max Capacity: 4066M
 Pre-touch: Disabled
 Parallel Workers: 10
 Concurrent Workers: 3
 Concurrent Refinement Workers: 10
 Periodic GC: Disabled

Heap:
 garbage-first heap   total 116736K, used 34416K [0x0000000701e00000, 0x0000000800000000)
  region size 2048K, 1 young (2048K), 0 survivors (0K)
 Metaspace       used 54910K, committed 55552K, reserved 1097728K
  class space    used 7318K, committed 7616K, reserved 1048576K

Heap Regions: E=young(eden), S=young(survivor), O=old, HS=humongous(starts), HC=humongous(continues), CS=collection set, F=free, OA=open archive, CA=closed archive, TAMS=top-at-mark-start (previous, next)
|   0|0x0000000701e00000, 0x0000000702000000, 0x0000000702000000|100%| O|  |TAMS 0x0000000702000000, 0x0000000701e00000| Untracked 
|   1|0x0000000702000000, 0x00000007021fffe0, 0x0000000702200000| 99%| O|  |TAMS 0x00000007021fffe0, 0x0000000702000000| Untracked 
|   2|0x0000000702200000, 0x0000000702400000, 0x0000000702400000|100%| O|  |TAMS 0x0000000702400000, 0x0000000702200000| Untracked 
|   3|0x0000000702400000, 0x00000007025fff28, 0x0000000702600000| 99%| O|  |TAMS 0x00000007025fff28, 0x0000000702400000| Untracked 
|   4|0x0000000702600000, 0x00000007027ffe48, 0x0000000702800000| 99%| O|  |TAMS 0x00000007027ffe48, 0x0000000702600000| Untracked 
|   5|0x0000000702800000, 0x00000007029fffd0, 0x0000000702a00000| 99%| O|  |TAMS 0x00000007029fffd0, 0x0000000702800000| Untracked 
|   6|0x0000000702a00000, 0x0000000702bffb38, 0x0000000702c00000| 99%| O|  |TAMS 0x0000000702bffb38, 0x0000000702a00000| Untracked 
|   7|0x0000000702c00000, 0x0000000702e00000, 0x0000000702e00000|100%| O|  |TAMS 0x0000000702e00000, 0x0000000702c00000| Untracked 
|   8|0x0000000702e00000, 0x0000000702ffffd8, 0x0000000703000000| 99%| O|  |TAMS 0x0000000702ffffd8, 0x0000000702e00000| Untracked 
|   9|0x0000000703000000, 0x00000007031fffe8, 0x0000000703200000| 99%| O|  |TAMS 0x00000007031fffe8, 0x0000000703000000| Untracked 
|  10|0x0000000703200000, 0x00000007033fffd8, 0x0000000703400000| 99%| O|  |TAMS 0x00000007033fffd8, 0x0000000703200000| Untracked 
|  11|0x0000000703400000, 0x00000007035fa168, 0x0000000703600000| 98%| O|  |TAMS 0x00000007035fa168, 0x0000000703400000| Untracked 
|  12|0x0000000703600000, 0x00000007037f1480, 0x0000000703800000| 97%| O|  |TAMS 0x00000007037f1480, 0x0000000703600000| Untracked 
|  13|0x0000000703800000, 0x000000070392f768, 0x0000000703a00000| 59%| O|  |TAMS 0x0000000703800000, 0x0000000703800000| Untracked 
|  14|0x0000000703a00000, 0x0000000703bf3278, 0x0000000703c00000| 97%| O|  |TAMS 0x0000000703bf3278, 0x0000000703a00000| Untracked 
|  15|0x0000000703c00000, 0x0000000703c8e9c8, 0x0000000703e00000| 27%| O|  |TAMS 0x0000000703c00000, 0x0000000703c00000| Untracked 
|  16|0x0000000703e00000, 0x0000000703ffffe8, 0x0000000704000000| 99%| O|  |TAMS 0x0000000703ffffe8, 0x0000000703e00000| Untracked 
|  17|0x0000000704000000, 0x0000000704000000, 0x0000000704200000|  0%| F|  |TAMS 0x0000000704000000, 0x0000000704000000| Untracked 
|  18|0x0000000704200000, 0x00000007043ffff8, 0x0000000704400000| 99%| O|  |TAMS 0x00000007043ffff8, 0x0000000704200000| Untracked 
|  19|0x0000000704400000, 0x0000000704400000, 0x0000000704600000|  0%| F|  |TAMS 0x0000000704400000, 0x0000000704400000| Untracked 
|  20|0x0000000704600000, 0x0000000704600000, 0x0000000704800000|  0%| F|  |TAMS 0x0000000704600000, 0x0000000704600000| Untracked 
|  21|0x0000000704800000, 0x0000000704800000, 0x0000000704a00000|  0%| F|  |TAMS 0x0000000704800000, 0x0000000704800000| Untracked 
|  22|0x0000000704a00000, 0x0000000704a00000, 0x0000000704c00000|  0%| F|  |TAMS 0x0000000704a00000, 0x0000000704a00000| Untracked 
|  23|0x0000000704c00000, 0x0000000704c00000, 0x0000000704e00000|  0%| F|  |TAMS 0x0000000704c00000, 0x0000000704c00000| Untracked 
|  24|0x0000000704e00000, 0x0000000704e00000, 0x0000000705000000|  0%| F|  |TAMS 0x0000000704e00000, 0x0000000704e00000| Untracked 
|  25|0x0000000705000000, 0x0000000705000000, 0x0000000705200000|  0%| F|  |TAMS 0x0000000705000000, 0x0000000705000000| Untracked 
|  26|0x0000000705200000, 0x0000000705200000, 0x0000000705400000|  0%| F|  |TAMS 0x0000000705200000, 0x0000000705200000| Untracked 
|  27|0x0000000705400000, 0x0000000705400000, 0x0000000705600000|  0%| F|  |TAMS 0x0000000705400000, 0x0000000705400000| Untracked 
|  28|0x0000000705600000, 0x0000000705600000, 0x0000000705800000|  0%| F|  |TAMS 0x0000000705600000, 0x0000000705600000| Untracked 
|  29|0x0000000705800000, 0x0000000705800000, 0x0000000705a00000|  0%| F|  |TAMS 0x0000000705800000, 0x0000000705800000| Untracked 
|  30|0x0000000705a00000, 0x0000000705a00000, 0x0000000705c00000|  0%| F|  |TAMS 0x0000000705a00000, 0x0000000705a00000| Untracked 
|  31|0x0000000705c00000, 0x0000000705c00000, 0x0000000705e00000|  0%| F|  |TAMS 0x0000000705c00000, 0x0000000705c00000| Untracked 
|  32|0x0000000705e00000, 0x0000000705e00000, 0x0000000706000000|  0%| F|  |TAMS 0x0000000705e00000, 0x0000000705e00000| Untracked 
|  33|0x0000000706000000, 0x0000000706000000, 0x0000000706200000|  0%| F|  |TAMS 0x0000000706000000, 0x0000000706000000| Untracked 
|  34|0x0000000706200000, 0x0000000706200000, 0x0000000706400000|  0%| F|  |TAMS 0x0000000706200000, 0x0000000706200000| Untracked 
|  35|0x0000000706400000, 0x0000000706400000, 0x0000000706600000|  0%| F|  |TAMS 0x0000000706400000, 0x0000000706400000| Untracked 
|  36|0x0000000706600000, 0x0000000706600000, 0x0000000706800000|  0%| F|  |TAMS 0x0000000706600000, 0x0000000706600000| Untracked 
|  37|0x0000000706800000, 0x0000000706800000, 0x0000000706a00000|  0%| F|  |TAMS 0x0000000706800000, 0x0000000706800000| Untracked 
|  38|0x0000000706a00000, 0x0000000706a00000, 0x0000000706c00000|  0%| F|  |TAMS 0x0000000706a00000, 0x0000000706a00000| Untracked 
|  39|0x0000000706c00000, 0x0000000706c00000, 0x0000000706e00000|  0%| F|  |TAMS 0x0000000706c00000, 0x0000000706c00000| Untracked 
|  40|0x0000000706e00000, 0x0000000706e00000, 0x0000000707000000|  0%| F|  |TAMS 0x0000000706e00000, 0x0000000706e00000| Untracked 
|  41|0x0000000707000000, 0x0000000707000000, 0x0000000707200000|  0%| F|  |TAMS 0x0000000707000000, 0x0000000707000000| Untracked 
|  42|0x0000000707200000, 0x0000000707200000, 0x0000000707400000|  0%| F|  |TAMS 0x0000000707200000, 0x0000000707200000| Untracked 
|  43|0x0000000707400000, 0x0000000707400000, 0x0000000707600000|  0%| F|  |TAMS 0x0000000707400000, 0x0000000707400000| Untracked 
|  44|0x0000000707600000, 0x0000000707600000, 0x0000000707800000|  0%| F|  |TAMS 0x0000000707600000, 0x0000000707600000| Untracked 
|  45|0x0000000707800000, 0x0000000707800000, 0x0000000707a00000|  0%| F|  |TAMS 0x0000000707800000, 0x0000000707800000| Untracked 
|  46|0x0000000707a00000, 0x0000000707a00000, 0x0000000707c00000|  0%| F|  |TAMS 0x0000000707a00000, 0x0000000707a00000| Untracked 
|  47|0x0000000707c00000, 0x0000000707c00000, 0x0000000707e00000|  0%| F|  |TAMS 0x0000000707c00000, 0x0000000707c00000| Untracked 
|  48|0x0000000707e00000, 0x0000000707e00000, 0x0000000708000000|  0%| F|  |TAMS 0x0000000707e00000, 0x0000000707e00000| Untracked 
|  49|0x0000000708000000, 0x0000000708000000, 0x0000000708200000|  0%| F|  |TAMS 0x0000000708000000, 0x0000000708000000| Untracked 
|  50|0x0000000708200000, 0x0000000708200000, 0x0000000708400000|  0%| F|  |TAMS 0x0000000708200000, 0x0000000708200000| Untracked 
|  51|0x0000000708400000, 0x0000000708400000, 0x0000000708600000|  0%| F|  |TAMS 0x0000000708400000, 0x0000000708400000| Untracked 
|  52|0x0000000708600000, 0x0000000708600000, 0x0000000708800000|  0%| F|  |TAMS 0x0000000708600000, 0x0000000708600000| Untracked 
|  53|0x0000000708800000, 0x0000000708800000, 0x0000000708a00000|  0%| F|  |TAMS 0x0000000708800000, 0x0000000708800000| Untracked 
|  54|0x0000000708a00000, 0x0000000708a00000, 0x0000000708c00000|  0%| F|  |TAMS 0x0000000708a00000, 0x0000000708a00000| Untracked 
|  55|0x0000000708c00000, 0x0000000708c00000, 0x0000000708e00000|  0%| F|  |TAMS 0x0000000708c00000, 0x0000000708c00000| Untracked 
|  56|0x0000000708e00000, 0x0000000708e278d8, 0x0000000709000000|  7%| E|  |TAMS 0x0000000708e00000, 0x0000000708e00000| Complete 

Card table byte_map: [0x0000023cad370000,0x0000023cadb70000] _byte_map_base: 0x0000023ca9b61000

Marking Bits (Prev, Next): (CMBitMap*) 0x0000023ca6c14be0, (CMBitMap*) 0x0000023ca6c14c20
 Prev Bits: [0x0000023cae370000, 0x0000023cb22f8000)
 Next Bits: [0x0000023cb2300000, 0x0000023cb6288000)

Polling page: 0x0000023ca4b00000

Metaspace:

Usage:
  Non-class:     46.48 MB used.
      Class:      7.15 MB used.
       Both:     53.62 MB used.

Virtual space:
  Non-class space:       48.00 MB reserved,      46.81 MB ( 98%) committed,  6 nodes.
      Class space:        1.00 GB reserved,       7.44 MB ( <1%) committed,  1 nodes.
             Both:        1.05 GB reserved,      54.25 MB (  5%) committed. 

Chunk freelists:
   Non-Class:  516.00 KB
       Class:  554.00 KB
        Both:  1.04 MB

MaxMetaspaceSize: unlimited
CompressedClassSpaceSize: 1.00 GB
Initial GC threshold: 21.00 MB
Current GC threshold: 90.44 MB
CDS: off
MetaspaceReclaimPolicy: balanced
 - commit_granule_bytes: 65536.
 - commit_granule_words: 8192.
 - virtual_space_node_default_size: 1048576.
 - enlarge_chunks_in_place: 1.
 - new_chunks_are_fully_committed: 0.
 - uncommit_free_chunks: 1.
 - use_allocation_guard: 0.
 - handle_deallocations: 1.


Internal statistics:

num_allocs_failed_limit: 6.
num_arena_births: 1084.
num_arena_deaths: 634.
num_vsnodes_births: 7.
num_vsnodes_deaths: 0.
num_space_committed: 868.
num_space_uncommitted: 0.
num_chunks_returned_to_freelist: 905.
num_chunks_taken_from_freelist: 3143.
num_chunk_merges: 368.
num_chunk_splits: 1944.
num_chunks_enlarged: 1282.
num_purges: 32.
num_inconsistent_stats: 0.

CodeCache: size=49152Kb used=15897Kb max_used=16098Kb free=33254Kb
 bounds [0x0000023ca9840000, 0x0000023caa800000, 0x0000023cac840000]
 total_blobs=9231 nmethods=8624 adapters=534
 compilation: enabled
              stopped_count=0, restarted_count=0
 full_count=0

Compilation events (20 events):
Event: 3175.129 Thread 0x0000023cb9883110 8775       1       com.google.gson.internal.ConstructorConstructor::get (203 bytes)
Event: 3175.130 Thread 0x0000023cb9883110 nmethod 8775 0x0000023caa6fcd90 code [0x0000023caa6fd0a0, 0x0000023caa6fdb98]
Event: 3175.130 Thread 0x0000023cb9883110 8778       1       java.lang.ThreadLocal::setInitialValue (50 bytes)
Event: 3175.130 Thread 0x0000023cb9883110 nmethod 8778 0x0000023caa6fc710 code [0x0000023caa6fc900, 0x0000023caa6fcbd8]
Event: 3175.130 Thread 0x0000023cb9883110 8776       1       com.google.gson.internal.ConstructorConstructor::newSpecialCollectionConstructor (35 bytes)
Event: 3175.131 Thread 0x0000023cb9883110 nmethod 8776 0x0000023caa6fc210 code [0x0000023caa6fc3e0, 0x0000023caa6fc5e8]
Event: 3175.131 Thread 0x0000023cb9883110 8777   !   1       com.google.gson.internal.ConstructorConstructor::newDefaultConstructor (142 bytes)
Event: 3175.132 Thread 0x0000023cb9883110 nmethod 8777 0x0000023caa6fad90 code [0x0000023caa6fb060, 0x0000023caa6fbb88]
Event: 3175.837 Thread 0x0000023cb9883110 8779       1       java.net.InetAddress$InetAddressHolder::getHostName (5 bytes)
Event: 3175.837 Thread 0x0000023cb9883110 nmethod 8779 0x0000023caa6faa90 code [0x0000023caa6fac20, 0x0000023caa6facf8]
Event: 3176.020 Thread 0x0000023cb9883110 8780   !   1       jdk.internal.reflect.GeneratedSerializationConstructorAccessor131::newInstance (49 bytes)
Event: 3176.021 Thread 0x0000023cb9883110 nmethod 8780 0x0000023caa6fa490 code [0x0000023caa6fa640, 0x0000023caa6fa8e8]
Event: 3176.033 Thread 0x0000023cb9883110 8781       1       java.rmi.MarshalledObject::<init> (140 bytes)
Event: 3176.034 Thread 0x0000023cb9883110 nmethod 8781 0x0000023caa6f8f90 code [0x0000023caa6f9220, 0x0000023caa6f9e78]
Event: 3176.039 Thread 0x0000023cb9883110 8782   !   1       jdk.internal.reflect.GeneratedSerializationConstructorAccessor125::newInstance (49 bytes)
Event: 3176.040 Thread 0x0000023cb9883110 nmethod 8782 0x0000023caa6f8990 code [0x0000023caa6f8b40, 0x0000023caa6f8dc8]
Event: 3228.711 Thread 0x0000023cb9883110 8783       1       sun.rmi.transport.StreamRemoteCall::done (5 bytes)
Event: 3228.711 Thread 0x0000023cb9883110 nmethod 8783 0x0000023caa6f8690 code [0x0000023caa6f8820, 0x0000023caa6f8908]
Event: 3322.550 Thread 0x0000023cb9883110 8784       1       java.net.InetAddress$InetAddressHolder::getAddress (5 bytes)
Event: 3322.550 Thread 0x0000023cb9883110 nmethod 8784 0x0000023caa6f8390 code [0x0000023caa6f8520, 0x0000023caa6f85f8]

GC Heap History (20 events):
Event: 3309.966 GC heap before
{Heap before GC invocations=208 (full 182):
 garbage-first heap   total 116736K, used 34425K [0x0000000701e00000, 0x0000000800000000)
  region size 2048K, 1 young (2048K), 0 survivors (0K)
 Metaspace       used 54920K, committed 55552K, reserved 1097728K
  class space    used 7320K, committed 7616K, reserved 1048576K
}
Event: 3309.996 GC heap after
{Heap after GC invocations=209 (full 183):
 garbage-first heap   total 116736K, used 34425K [0x0000000701e00000, 0x0000000800000000)
  region size 2048K, 0 young (0K), 0 survivors (0K)
 Metaspace       used 54920K, committed 55552K, reserved 1097728K
  class space    used 7320K, committed 7616K, reserved 1048576K
}
Event: 3320.119 GC heap before
{Heap before GC invocations=209 (full 183):
 garbage-first heap   total 116736K, used 34425K [0x0000000701e00000, 0x0000000800000000)
  region size 2048K, 1 young (2048K), 0 survivors (0K)
 Metaspace       used 54920K, committed 55552K, reserved 1097728K
  class space    used 7320K, committed 7616K, reserved 1048576K
}
Event: 3320.153 GC heap after
{Heap after GC invocations=210 (full 184):
 garbage-first heap   total 116736K, used 34418K [0x0000000701e00000, 0x0000000800000000)
  region size 2048K, 0 young (0K), 0 survivors (0K)
 Metaspace       used 54910K, committed 55552K, reserved 1097728K
  class space    used 7318K, committed 7616K, reserved 1048576K
}
Event: 3330.276 GC heap before
{Heap before GC invocations=210 (full 184):
 garbage-first heap   total 116736K, used 34418K [0x0000000701e00000, 0x0000000800000000)
  region size 2048K, 1 young (2048K), 0 survivors (0K)
 Metaspace       used 54910K, committed 55552K, reserved 1097728K
  class space    used 7318K, committed 7616K, reserved 1048576K
}
Event: 3330.306 GC heap after
{Heap after GC invocations=211 (full 185):
 garbage-first heap   total 116736K, used 34416K [0x0000000701e00000, 0x0000000800000000)
  region size 2048K, 0 young (0K), 0 survivors (0K)
 Metaspace       used 54910K, committed 55552K, reserved 1097728K
  class space    used 7318K, committed 7616K, reserved 1048576K
}
Event: 3340.432 GC heap before
{Heap before GC invocations=211 (full 185):
 garbage-first heap   total 116736K, used 34416K [0x0000000701e00000, 0x0000000800000000)
  region size 2048K, 1 young (2048K), 0 survivors (0K)
 Metaspace       used 54910K, committed 55552K, reserved 1097728K
  class space    used 7318K, committed 7616K, reserved 1048576K
}
Event: 3340.462 GC heap after
{Heap after GC invocations=212 (full 186):
 garbage-first heap   total 116736K, used 34416K [0x0000000701e00000, 0x0000000800000000)
  region size 2048K, 0 young (0K), 0 survivors (0K)
 Metaspace       used 54910K, committed 55552K, reserved 1097728K
  class space    used 7318K, committed 7616K, reserved 1048576K
}
Event: 3350.594 GC heap before
{Heap before GC invocations=212 (full 186):
 garbage-first heap   total 116736K, used 34416K [0x0000000701e00000, 0x0000000800000000)
  region size 2048K, 1 young (2048K), 0 survivors (0K)
 Metaspace       used 54910K, committed 55552K, reserved 1097728K
  class space    used 7318K, committed 7616K, reserved 1048576K
}
Event: 3350.624 GC heap after
{Heap after GC invocations=213 (full 187):
 garbage-first heap   total 116736K, used 34416K [0x0000000701e00000, 0x0000000800000000)
  region size 2048K, 0 young (0K), 0 survivors (0K)
 Metaspace       used 54910K, committed 55552K, reserved 1097728K
  class space    used 7318K, committed 7616K, reserved 1048576K
}
Event: 3360.760 GC heap before
{Heap before GC invocations=213 (full 187):
 garbage-first heap   total 116736K, used 34416K [0x0000000701e00000, 0x0000000800000000)
  region size 2048K, 1 young (2048K), 0 survivors (0K)
 Metaspace       used 54910K, committed 55552K, reserved 1097728K
  class space    used 7318K, committed 7616K, reserved 1048576K
}
Event: 3360.793 GC heap after
{Heap after GC invocations=214 (full 188):
 garbage-first heap   total 116736K, used 34416K [0x0000000701e00000, 0x0000000800000000)
  region size 2048K, 0 young (0K), 0 survivors (0K)
 Metaspace       used 54910K, committed 55552K, reserved 1097728K
  class space    used 7318K, committed 7616K, reserved 1048576K
}
Event: 3371.004 GC heap before
{Heap before GC invocations=214 (full 188):
 garbage-first heap   total 116736K, used 34416K [0x0000000701e00000, 0x0000000800000000)
  region size 2048K, 1 young (2048K), 0 survivors (0K)
 Metaspace       used 54910K, committed 55552K, reserved 1097728K
  class space    used 7318K, committed 7616K, reserved 1048576K
}
Event: 3371.078 GC heap after
{Heap after GC invocations=215 (full 189):
 garbage-first heap   total 116736K, used 34416K [0x0000000701e00000, 0x0000000800000000)
  region size 2048K, 0 young (0K), 0 survivors (0K)
 Metaspace       used 54910K, committed 55552K, reserved 1097728K
  class space    used 7318K, committed 7616K, reserved 1048576K
}
Event: 3381.302 GC heap before
{Heap before GC invocations=215 (full 189):
 garbage-first heap   total 116736K, used 34416K [0x0000000701e00000, 0x0000000800000000)
  region size 2048K, 1 young (2048K), 0 survivors (0K)
 Metaspace       used 54910K, committed 55552K, reserved 1097728K
  class space    used 7318K, committed 7616K, reserved 1048576K
}
Event: 3381.359 GC heap after
{Heap after GC invocations=216 (full 190):
 garbage-first heap   total 116736K, used 34416K [0x0000000701e00000, 0x0000000800000000)
  region size 2048K, 0 young (0K), 0 survivors (0K)
 Metaspace       used 54910K, committed 55552K, reserved 1097728K
  class space    used 7318K, committed 7616K, reserved 1048576K
}
Event: 3391.814 GC heap before
{Heap before GC invocations=216 (full 190):
 garbage-first heap   total 116736K, used 34416K [0x0000000701e00000, 0x0000000800000000)
  region size 2048K, 1 young (2048K), 0 survivors (0K)
 Metaspace       used 54910K, committed 55552K, reserved 1097728K
  class space    used 7318K, committed 7616K, reserved 1048576K
}
Event: 3391.932 GC heap after
{Heap after GC invocations=217 (full 191):
 garbage-first heap   total 116736K, used 34416K [0x0000000701e00000, 0x0000000800000000)
  region size 2048K, 0 young (0K), 0 survivors (0K)
 Metaspace       used 54910K, committed 55552K, reserved 1097728K
  class space    used 7318K, committed 7616K, reserved 1048576K
}
Event: 3402.198 GC heap before
{Heap before GC invocations=217 (full 191):
 garbage-first heap   total 116736K, used 34416K [0x0000000701e00000, 0x0000000800000000)
  region size 2048K, 1 young (2048K), 0 survivors (0K)
 Metaspace       used 54910K, committed 55552K, reserved 1097728K
  class space    used 7318K, committed 7616K, reserved 1048576K
}
Event: 3402.254 GC heap after
{Heap after GC invocations=218 (full 192):
 garbage-first heap   total 116736K, used 34416K [0x0000000701e00000, 0x0000000800000000)
  region size 2048K, 0 young (0K), 0 survivors (0K)
 Metaspace       used 54910K, committed 55552K, reserved 1097728K
  class space    used 7318K, committed 7616K, reserved 1048576K
}

Deoptimization events (20 events):
Event: 25.462 Thread 0x0000023cbba32600 DEOPT PACKING pc=0x0000023caa35c89c sp=0x00000076303fbf20
Event: 25.462 Thread 0x0000023cbba32600 DEOPT UNPACKING pc=0x0000023ca9892b43 sp=0x00000076303fb400 mode 3
Event: 25.462 Thread 0x0000023cbba32600 DEOPT PACKING pc=0x0000023caa35db1e sp=0x00000076303fcb30
Event: 25.463 Thread 0x0000023cbba32600 DEOPT UNPACKING pc=0x0000023ca9892b43 sp=0x00000076303fbfe8 mode 3
Event: 25.519 Thread 0x0000023cbba32600 DEOPT PACKING pc=0x0000023caa36def4 sp=0x00000076303fe1a0
Event: 25.522 Thread 0x0000023cbba32600 DEOPT UNPACKING pc=0x0000023ca9892b43 sp=0x00000076303fd690 mode 3
Event: 28.501 Thread 0x0000023cbb7ffb40 DEOPT PACKING pc=0x0000023ca9d92e52 sp=0x000000762e5fd820
Event: 28.501 Thread 0x0000023cbb7ffb40 DEOPT UNPACKING pc=0x0000023ca9892b43 sp=0x000000762e5fcd28 mode 3
Event: 29.170 Thread 0x0000023cbb7ffb40 DEOPT PACKING pc=0x0000023caa64fbbc sp=0x000000762e5fe090
Event: 29.170 Thread 0x0000023cbb7ffb40 DEOPT UNPACKING pc=0x0000023ca9892b43 sp=0x000000762e5fd588 mode 0
Event: 29.170 Thread 0x0000023cbb7ffb40 DEOPT PACKING pc=0x0000023caa664eb4 sp=0x000000762e5fe160
Event: 29.170 Thread 0x0000023cbb7ffb40 DEOPT UNPACKING pc=0x0000023ca9892b43 sp=0x000000762e5fd638 mode 0
Event: 29.170 Thread 0x0000023cbb7ffb40 DEOPT PACKING pc=0x0000023caa607e7c sp=0x000000762e5fe210
Event: 29.170 Thread 0x0000023cbb7ffb40 DEOPT UNPACKING pc=0x0000023ca9892b43 sp=0x000000762e5fd790 mode 0
Event: 29.171 Thread 0x0000023cbb7ffb40 DEOPT PACKING pc=0x0000023caa63b01c sp=0x000000762e5fe510
Event: 29.171 Thread 0x0000023cbb7ffb40 DEOPT UNPACKING pc=0x0000023ca9892b43 sp=0x000000762e5fd9a0 mode 0
Event: 78.193 Thread 0x0000023cbba35150 DEOPT PACKING pc=0x0000023ca9ed7fd4 sp=0x00000076300ff180
Event: 78.193 Thread 0x0000023cbba35150 DEOPT UNPACKING pc=0x0000023ca9892b43 sp=0x00000076300fe628 mode 0
Event: 394.843 Thread 0x0000023cbba32600 DEOPT PACKING pc=0x0000023ca9aa436a sp=0x00000076303fdd00
Event: 394.843 Thread 0x0000023cbba32600 DEOPT UNPACKING pc=0x0000023ca9892b43 sp=0x00000076303fd180 mode 3

Classes unloaded (20 events):
Event: 3238.851 Thread 0x0000023cb9823c20 Unloading class 0x000000080072d000 'jdk/internal/reflect/GeneratedSerializationConstructorAccessor129'
Event: 3238.851 Thread 0x0000023cb9823c20 Unloading class 0x0000000800726c00 'jdk/internal/reflect/GeneratedSerializationConstructorAccessor128'
Event: 3238.851 Thread 0x0000023cb9823c20 Unloading class 0x0000000800726800 'jdk/internal/reflect/GeneratedSerializationConstructorAccessor127'
Event: 3238.851 Thread 0x0000023cb9823c20 Unloading class 0x0000000800726400 'jdk/internal/reflect/GeneratedSerializationConstructorAccessor126'
Event: 3238.851 Thread 0x0000023cb9823c20 Unloading class 0x0000000800726000 'jdk/internal/reflect/GeneratedSerializationConstructorAccessor125'
Event: 3238.851 Thread 0x0000023cb9823c20 Unloading class 0x0000000800714c00 'jdk/internal/reflect/GeneratedSerializationConstructorAccessor124'
Event: 3238.851 Thread 0x0000023cb9823c20 Unloading class 0x0000000800714800 'jdk/internal/reflect/GeneratedSerializationConstructorAccessor123'
Event: 3238.851 Thread 0x0000023cb9823c20 Unloading class 0x0000000800714400 'jdk/internal/reflect/GeneratedSerializationConstructorAccessor122'
Event: 3238.851 Thread 0x0000023cb9823c20 Unloading class 0x0000000800714000 'jdk/internal/reflect/GeneratedSerializationConstructorAccessor121'
Event: 3238.851 Thread 0x0000023cb9823c20 Unloading class 0x000000080072fc00 'jdk/internal/reflect/GeneratedSerializationConstructorAccessor120'
Event: 3238.851 Thread 0x0000023cb9823c20 Unloading class 0x000000080072f800 'jdk/internal/reflect/GeneratedSerializationConstructorAccessor119'
Event: 3238.851 Thread 0x0000023cb9823c20 Unloading class 0x0000000800724c00 'jdk/internal/reflect/GeneratedSerializationConstructorAccessor118'
Event: 3238.851 Thread 0x0000023cb9823c20 Unloading class 0x0000000800730c00 'jdk/internal/reflect/GeneratedSerializationConstructorAccessor117'
Event: 3238.851 Thread 0x0000023cb9823c20 Unloading class 0x000000080072ec00 'jdk/internal/reflect/GeneratedSerializationConstructorAccessor116'
Event: 3238.851 Thread 0x0000023cb9823c20 Unloading class 0x0000000800734c00 'jdk/internal/reflect/GeneratedSerializationConstructorAccessor115'
Event: 3238.851 Thread 0x0000023cb9823c20 Unloading class 0x000000080072f000 'jdk/internal/reflect/GeneratedSerializationConstructorAccessor114'
Event: 3238.851 Thread 0x0000023cb9823c20 Unloading class 0x0000000800724000 'jdk/internal/reflect/GeneratedSerializationConstructorAccessor113'
Event: 3320.134 Thread 0x0000023cb9823c20 Unloading class 0x000000080072f400 'jdk/internal/reflect/GeneratedSerializationConstructorAccessor92'
Event: 3320.134 Thread 0x0000023cb9823c20 Unloading class 0x000000080072e400 'jdk/internal/reflect/GeneratedSerializationConstructorAccessor90'
Event: 3320.134 Thread 0x0000023cb9823c20 Unloading class 0x000000080072e000 'jdk/internal/reflect/GeneratedSerializationConstructorAccessor89'

Classes redefined (0 events):
No events

Internal exceptions (20 events):
Event: 3165.853 Thread 0x0000023cbd8b13d0 Exception <a 'java/net/ConnectException'{0x0000000708e24cb0}: Connection refused: connect> (0x0000000708e24cb0) 
thrown [s\src\hotspot\share\prims\jni.cpp, line 535]
Event: 3165.853 Thread 0x0000023cbd8b13d0 Exception <a 'java/net/SocketException'{0x0000000708e24fe8}: Socket is not connected: shutdown> (0x0000000708e24fe8) 
thrown [s\src\hotspot\share\prims\jni.cpp, line 535]
Event: 3228.711 Thread 0x0000023cbd8b6f40 Exception <a 'java/net/ConnectException'{0x0000000708e0bf78}: Connection refused: connect> (0x0000000708e0bf78) 
thrown [s\src\hotspot\share\prims\jni.cpp, line 535]
Event: 3228.711 Thread 0x0000023cbd8b6f40 Exception <a 'java/net/SocketException'{0x0000000708e0c2b0}: Socket is not connected: shutdown> (0x0000000708e0c2b0) 
thrown [s\src\hotspot\share\prims\jni.cpp, line 535]
Event: 3322.550 Thread 0x0000023cbd8b6f40 Exception <a 'java/net/ConnectException'{0x0000000708e0cef8}: Connection refused: connect> (0x0000000708e0cef8) 
thrown [s\src\hotspot\share\prims\jni.cpp, line 535]
Event: 3322.550 Thread 0x0000023cbd8b6f40 Exception <a 'java/net/SocketException'{0x0000000708e0d230}: Socket is not connected: shutdown> (0x0000000708e0d230) 
thrown [s\src\hotspot\share\prims\jni.cpp, line 535]
Event: 3322.550 Thread 0x0000023cbd8b6f40 Exception <a 'java/net/ConnectException'{0x0000000708e0ddc8}: Connection refused: connect> (0x0000000708e0ddc8) 
thrown [s\src\hotspot\share\prims\jni.cpp, line 535]
Event: 3322.550 Thread 0x0000023cbd8b6f40 Exception <a 'java/net/SocketException'{0x0000000708e0e100}: Socket is not connected: shutdown> (0x0000000708e0e100) 
thrown [s\src\hotspot\share\prims\jni.cpp, line 535]
Event: 3322.553 Thread 0x0000023cbd8b6f40 Exception <a 'java/net/ConnectException'{0x0000000708e0eca8}: Connection refused: connect> (0x0000000708e0eca8) 
thrown [s\src\hotspot\share\prims\jni.cpp, line 535]
Event: 3322.553 Thread 0x0000023cbd8b6f40 Exception <a 'java/net/SocketException'{0x0000000708e0efe0}: Socket is not connected: shutdown> (0x0000000708e0efe0) 
thrown [s\src\hotspot\share\prims\jni.cpp, line 535]
Event: 3322.553 Thread 0x0000023cbd8b6f40 Exception <a 'java/net/ConnectException'{0x0000000708e0fb78}: Connection refused: connect> (0x0000000708e0fb78) 
thrown [s\src\hotspot\share\prims\jni.cpp, line 535]
Event: 3322.553 Thread 0x0000023cbd8b6f40 Exception <a 'java/net/SocketException'{0x0000000708e0feb0}: Socket is not connected: shutdown> (0x0000000708e0feb0) 
thrown [s\src\hotspot\share\prims\jni.cpp, line 535]
Event: 3323.555 Thread 0x0000023cbd8b6f40 Exception <a 'java/net/ConnectException'{0x0000000708e10a58}: Connection refused: connect> (0x0000000708e10a58) 
thrown [s\src\hotspot\share\prims\jni.cpp, line 535]
Event: 3323.555 Thread 0x0000023cbd8b6f40 Exception <a 'java/net/SocketException'{0x0000000708e10d90}: Socket is not connected: shutdown> (0x0000000708e10d90) 
thrown [s\src\hotspot\share\prims\jni.cpp, line 535]
Event: 3323.555 Thread 0x0000023cbd8b6f40 Exception <a 'java/net/ConnectException'{0x0000000708e11928}: Connection refused: connect> (0x0000000708e11928) 
thrown [s\src\hotspot\share\prims\jni.cpp, line 535]
Event: 3323.555 Thread 0x0000023cbd8b6f40 Exception <a 'java/net/SocketException'{0x0000000708e11c60}: Socket is not connected: shutdown> (0x0000000708e11c60) 
thrown [s\src\hotspot\share\prims\jni.cpp, line 535]
Event: 3325.557 Thread 0x0000023cbd8b6f40 Exception <a 'java/net/ConnectException'{0x0000000708e12808}: Connection refused: connect> (0x0000000708e12808) 
thrown [s\src\hotspot\share\prims\jni.cpp, line 535]
Event: 3325.557 Thread 0x0000023cbd8b6f40 Exception <a 'java/net/SocketException'{0x0000000708e12b40}: Socket is not connected: shutdown> (0x0000000708e12b40) 
thrown [s\src\hotspot\share\prims\jni.cpp, line 535]
Event: 3325.557 Thread 0x0000023cbd8b6f40 Exception <a 'java/net/ConnectException'{0x0000000708e136d8}: Connection refused: connect> (0x0000000708e136d8) 
thrown [s\src\hotspot\share\prims\jni.cpp, line 535]
Event: 3325.557 Thread 0x0000023cbd8b6f40 Exception <a 'java/net/SocketException'{0x0000000708e13a10}: Socket is not connected: shutdown> (0x0000000708e13a10) 
thrown [s\src\hotspot\share\prims\jni.cpp, line 535]

VM Operations (20 events):
Event: 3309.996 Executing VM operation: G1CollectFull done
Event: 3320.119 Executing VM operation: G1CollectFull
Event: 3320.153 Executing VM operation: G1CollectFull done
Event: 3330.276 Executing VM operation: G1CollectFull
Event: 3330.306 Executing VM operation: G1CollectFull done
Event: 3340.432 Executing VM operation: G1CollectFull
Event: 3340.462 Executing VM operation: G1CollectFull done
Event: 3350.593 Executing VM operation: G1CollectFull
Event: 3350.624 Executing VM operation: G1CollectFull done
Event: 3360.760 Executing VM operation: G1CollectFull
Event: 3360.793 Executing VM operation: G1CollectFull done
Event: 3371.004 Executing VM operation: G1CollectFull
Event: 3371.078 Executing VM operation: G1CollectFull done
Event: 3381.302 Executing VM operation: G1CollectFull
Event: 3381.359 Executing VM operation: G1CollectFull done
Event: 3391.813 Executing VM operation: G1CollectFull
Event: 3391.932 Executing VM operation: G1CollectFull done
Event: 3402.198 Executing VM operation: G1CollectFull
Event: 3402.255 Executing VM operation: G1CollectFull done
Event: 3412.520 Executing VM operation: G1CollectFull

Events (20 events):
Event: 2972.169 Thread 0x0000023cbd8b48c0 Thread added: 0x0000023cbd8b48c0
Event: 3002.428 Thread 0x0000023cbd8b6f40 Thread exited: 0x0000023cbd8b6f40
Event: 3021.054 Thread 0x0000023cbd8b8750 Thread exited: 0x0000023cbd8b8750
Event: 3022.496 Thread 0x0000023cbd8b6f40 Thread added: 0x0000023cbd8b6f40
Event: 3022.548 Thread 0x0000023cbd8b8750 Thread added: 0x0000023cbd8b8750
Event: 3032.171 Thread 0x0000023cbd8b48c0 Thread exited: 0x0000023cbd8b48c0
Event: 3075.546 Thread 0x0000023cbd8b0f00 Thread exited: 0x0000023cbd8b0f00
Event: 3078.087 Thread 0x0000023cbd8b2240 Thread exited: 0x0000023cbd8b2240
Event: 3094.574 Thread 0x0000023cbd8b48c0 Thread added: 0x0000023cbd8b48c0
Event: 3098.177 Thread 0x0000023cbd8b0f00 Thread added: 0x0000023cbd8b0f00
Event: 3122.198 Thread 0x0000023cbd8b2240 Thread added: 0x0000023cbd8b2240
Event: 3164.780 Thread 0x0000023cbd8b8750 Thread exited: 0x0000023cbd8b8750
Event: 3165.756 Thread 0x0000023cbd8b8750 Thread added: 0x0000023cbd8b8750
Event: 3165.818 Thread 0x0000023cbba33940 Thread added: 0x0000023cbba33940
Event: 3165.853 Thread 0x0000023cbd8b13d0 Thread exited: 0x0000023cbd8b13d0
Event: 3182.199 Thread 0x0000023cbd8b2710 Thread exited: 0x0000023cbd8b2710
Event: 3219.476 Thread 0x0000023cbd8b2240 Thread exited: 0x0000023cbd8b2240
Event: 3221.879 Thread 0x0000023cbd8b48c0 Thread exited: 0x0000023cbd8b48c0
Event: 3254.860 Thread 0x0000023cbd8b0f00 Thread exited: 0x0000023cbd8b0f00
Event: 3325.557 Thread 0x0000023cbd8b6f40 Thread exited: 0x0000023cbd8b6f40


Dynamic libraries:
0x00007ff61b190000 - 0x00007ff61b19e000 	c:\Users\thoma\.vscode\extensions\redhat.java-1.10.0-win32-x64\jre\17.0.4-win32-x86_64\bin\java.exe
0x00007fff68af0000 - 0x00007fff68ce8000 	C:\WINDOWS\SYSTEM32\ntdll.dll
0x00007fff68620000 - 0x00007fff686dd000 	C:\WINDOWS\System32\KERNEL32.DLL
0x00007fff66420000 - 0x00007fff666ee000 	C:\WINDOWS\System32\KERNELBASE.dll
0x00007fff667f0000 - 0x00007fff668f0000 	C:\WINDOWS\System32\ucrtbase.dll
0x00007fff3def0000 - 0x00007fff3df08000 	c:\Users\thoma\.vscode\extensions\redhat.java-1.10.0-win32-x64\jre\17.0.4-win32-x86_64\bin\jli.dll
0x00007fff3ea20000 - 0x00007fff3ea39000 	c:\Users\thoma\.vscode\extensions\redhat.java-1.10.0-win32-x64\jre\17.0.4-win32-x86_64\bin\VCRUNTIME140.dll
0x00007fff680f0000 - 0x00007fff68290000 	C:\WINDOWS\System32\USER32.dll
0x00007fff66b20000 - 0x00007fff66b42000 	C:\WINDOWS\System32\win32u.dll
0x00007fff5c770000 - 0x00007fff5ca0a000 	C:\WINDOWS\WinSxS\amd64_microsoft.windows.common-controls_6595b64144ccf1df_6.0.19041.1110_none_60b5254171f9507e\COMCTL32.dll
0x00007fff687a0000 - 0x00007fff687ca000 	C:\WINDOWS\System32\GDI32.dll
0x00007fff66b50000 - 0x00007fff66bee000 	C:\WINDOWS\System32\msvcrt.dll
0x00007fff662c0000 - 0x00007fff663cb000 	C:\WINDOWS\System32\gdi32full.dll
0x00007fff668f0000 - 0x00007fff6698d000 	C:\WINDOWS\System32\msvcp_win.dll
0x00007fff67070000 - 0x00007fff670a0000 	C:\WINDOWS\System32\IMM32.DLL
0x00007fff5d4b0000 - 0x00007fff5d4bc000 	c:\Users\thoma\.vscode\extensions\redhat.java-1.10.0-win32-x64\jre\17.0.4-win32-x86_64\bin\vcruntime140_1.dll
0x00007ffefc340000 - 0x00007ffefc3d1000 	c:\Users\thoma\.vscode\extensions\redhat.java-1.10.0-win32-x64\jre\17.0.4-win32-x86_64\bin\msvcp140.dll
0x00007ffed6c40000 - 0x00007ffed7886000 	c:\Users\thoma\.vscode\extensions\redhat.java-1.10.0-win32-x64\jre\17.0.4-win32-x86_64\bin\server\jvm.dll
0x00007fff686e0000 - 0x00007fff6878e000 	C:\WINDOWS\System32\ADVAPI32.dll
0x00007fff687d0000 - 0x00007fff6886c000 	C:\WINDOWS\System32\sechost.dll
0x00007fff67f00000 - 0x00007fff68025000 	C:\WINDOWS\System32\RPCRT4.dll
0x00007fff68530000 - 0x00007fff68538000 	C:\WINDOWS\System32\PSAPI.DLL
0x00007fff4e5a0000 - 0x00007fff4e5c7000 	C:\WINDOWS\SYSTEM32\WINMM.dll
0x00007fff4b560000 - 0x00007fff4b569000 	C:\WINDOWS\SYSTEM32\WSOCK32.dll
0x00007fff63450000 - 0x00007fff6345a000 	C:\WINDOWS\SYSTEM32\VERSION.dll
0x00007fff68440000 - 0x00007fff684ab000 	C:\WINDOWS\System32\WS2_32.dll
0x00007fff64a90000 - 0x00007fff64aa2000 	C:\WINDOWS\SYSTEM32\kernel.appcore.dll
0x00007fff5d290000 - 0x00007fff5d29a000 	c:\Users\thoma\.vscode\extensions\redhat.java-1.10.0-win32-x64\jre\17.0.4-win32-x86_64\bin\jimage.dll
0x00007fff647b0000 - 0x00007fff64994000 	C:\WINDOWS\SYSTEM32\DBGHELP.DLL
0x00007fff5b760000 - 0x00007fff5b78c000 	C:\WINDOWS\SYSTEM32\dbgcore.DLL
0x00007fff666f0000 - 0x00007fff66772000 	C:\WINDOWS\System32\bcryptPrimitives.dll
0x00007fff3da20000 - 0x00007fff3da45000 	c:\Users\thoma\.vscode\extensions\redhat.java-1.10.0-win32-x64\jre\17.0.4-win32-x86_64\bin\java.dll
0x00007fff37140000 - 0x00007fff37158000 	c:\Users\thoma\.vscode\extensions\redhat.java-1.10.0-win32-x64\jre\17.0.4-win32-x86_64\bin\zip.dll
0x00007fff67680000 - 0x00007fff67dc3000 	C:\WINDOWS\System32\SHELL32.dll
0x00007fff63f40000 - 0x00007fff646d5000 	C:\WINDOWS\SYSTEM32\windows.storage.dll
0x00007fff66bf0000 - 0x00007fff66f44000 	C:\WINDOWS\System32\combase.dll
0x00007fff65ba0000 - 0x00007fff65bd0000 	C:\WINDOWS\SYSTEM32\Wldp.dll
0x00007fff67160000 - 0x00007fff6720d000 	C:\WINDOWS\System32\SHCORE.dll
0x00007fff68030000 - 0x00007fff68085000 	C:\WINDOWS\System32\shlwapi.dll
0x00007fff66150000 - 0x00007fff6616f000 	C:\WINDOWS\SYSTEM32\profapi.dll
0x00007fff3bc20000 - 0x00007fff3bc39000 	C:\Users\thoma\.vscode\extensions\redhat.java-1.10.0-win32-x64\jre\17.0.4-win32-x86_64\bin\net.dll
0x00007fff5bae0000 - 0x00007fff5bbea000 	C:\WINDOWS\SYSTEM32\WINHTTP.dll
0x00007fff65900000 - 0x00007fff6596a000 	C:\WINDOWS\system32\mswsock.dll
0x00007fff344e0000 - 0x00007fff344f5000 	C:\Users\thoma\.vscode\extensions\redhat.java-1.10.0-win32-x64\jre\17.0.4-win32-x86_64\bin\nio.dll
0x00007fff53900000 - 0x00007fff53910000 	c:\Users\thoma\.vscode\extensions\redhat.java-1.10.0-win32-x64\jre\17.0.4-win32-x86_64\bin\verify.dll
0x00007fff4dcc0000 - 0x00007fff4dcc9000 	C:\Users\thoma\.vscode\extensions\redhat.java-1.10.0-win32-x64\jre\17.0.4-win32-x86_64\bin\management.dll
0x00007fff4dc90000 - 0x00007fff4dc9b000 	C:\Users\thoma\.vscode\extensions\redhat.java-1.10.0-win32-x64\jre\17.0.4-win32-x86_64\bin\management_ext.dll
0x00007fff4db80000 - 0x00007fff4db97000 	C:\WINDOWS\system32\napinsp.dll
0x00007fff4db40000 - 0x00007fff4db5b000 	C:\WINDOWS\system32\pnrpnsp.dll
0x00007fff60620000 - 0x00007fff60635000 	C:\WINDOWS\system32\wshbth.dll
0x00007fff5e580000 - 0x00007fff5e59d000 	C:\WINDOWS\system32\NLAapi.dll
0x00007fff655f0000 - 0x00007fff6562b000 	C:\WINDOWS\SYSTEM32\IPHLPAPI.DLL
0x00007fff65630000 - 0x00007fff656fa000 	C:\WINDOWS\SYSTEM32\DNSAPI.dll
0x00007fff68790000 - 0x00007fff68798000 	C:\WINDOWS\System32\NSI.dll
0x00007fff4bfb0000 - 0x00007fff4bfc2000 	C:\WINDOWS\System32\winrnr.dll
0x000000006b450000 - 0x000000006b476000 	C:\Program Files\Bonjour\mdnsNSP.dll
0x00007fff5dc00000 - 0x00007fff5dc0a000 	C:\Windows\System32\rasadhlp.dll
0x00007fff5ac10000 - 0x00007fff5ac90000 	C:\WINDOWS\System32\fwpuclnt.dll
0x00007fff66990000 - 0x00007fff669b7000 	C:\WINDOWS\System32\bcrypt.dll
0x00007fff65b00000 - 0x00007fff65b18000 	C:\WINDOWS\SYSTEM32\CRYPTSP.dll
0x00007fff65280000 - 0x00007fff652b4000 	C:\WINDOWS\system32\rsaenh.dll
0x00007fff660d0000 - 0x00007fff660fe000 	C:\WINDOWS\SYSTEM32\USERENV.dll
0x00007fff65af0000 - 0x00007fff65afc000 	C:\WINDOWS\SYSTEM32\CRYPTBASE.dll
0x00007fff5cd20000 - 0x00007fff5cd37000 	C:\WINDOWS\SYSTEM32\dhcpcsvc6.DLL
0x00007fff5dac0000 - 0x00007fff5dadd000 	C:\WINDOWS\SYSTEM32\dhcpcsvc.DLL
0x00007fff633b0000 - 0x00007fff633b9000 	C:\Users\thoma\.vscode\extensions\redhat.java-1.10.0-win32-x64\jre\17.0.4-win32-x86_64\bin\attach.dll
0x00007fff633a0000 - 0x00007fff633a7000 	C:\Users\thoma\.vscode\extensions\redhat.java-1.10.0-win32-x64\jre\17.0.4-win32-x86_64\bin\rmi.dll

dbghelp: loaded successfully - version: 4.0.5 - missing functions: none
symbol engine: initialized successfully - sym options: 0x614 - pdb path: .;c:\Users\thoma\.vscode\extensions\redhat.java-1.10.0-win32-x64\jre\17.0.4-win32-x86_64\bin;C:\WINDOWS\SYSTEM32;C:\WINDOWS\WinSxS\amd64_microsoft.windows.common-controls_6595b64144ccf1df_6.0.19041.1110_none_60b5254171f9507e;c:\Users\thoma\.vscode\extensions\redhat.java-1.10.0-win32-x64\jre\17.0.4-win32-x86_64\bin\server;C:\Program Files\Bonjour

VM Arguments:
jvm_args: -Dsts.lsp.client=vscode -Dsts.log.file=/dev/null -XX:TieredStopAtLevel=1 -Xlog:jni+resolve=off -Dspring.config.location=file:c:\Users\thoma\.vscode\extensions\pivotal.vscode-spring-boot-1.39.0\language-server\BOOT-INF\classes\application.properties 
java_command: org.springframework.ide.vscode.boot.app.BootLanguageServerBootApp
java_class_path (initial): c:\Users\thoma\.vscode\extensions\pivotal.vscode-spring-boot-1.39.0\language-server\BOOT-INF\classes;c:\Users\thoma\.vscode\extensions\pivotal.vscode-spring-boot-1.39.0\language-server\BOOT-INF\lib\annotations-23.0.0.jar;c:\Users\thoma\.vscode\extensions\pivotal.vscode-spring-boot-1.39.0\language-server\BOOT-INF\lib\antlr-runtime-3.5.2.jar;c:\Users\thoma\.vscode\extensions\pivotal.vscode-spring-boot-1.39.0\language-server\BOOT-INF\lib\antlr4-4.9.3.jar;c:\Users\thoma\.vscode\extensions\pivotal.vscode-spring-boot-1.39.0\language-server\BOOT-INF\lib\antlr4-runtime-4.9.3.jar;c:\Users\thoma\.vscode\extensions\pivotal.vscode-spring-boot-1.39.0\language-server\BOOT-INF\lib\asm-9.3.jar;c:\Users\thoma\.vscode\extensions\pivotal.vscode-spring-boot-1.39.0\language-server\BOOT-INF\lib\asm-analysis-9.3.jar;c:\Users\thoma\.vscode\extensions\pivotal.vscode-spring-boot-1.39.0\language-server\BOOT-INF\lib\asm-tree-9.3.jar;c:\Users\thoma\.vscode\extensions\pivotal.vscode-spring-boot-1.39.0\language-server\BOOT-INF\lib\asm-util-9.3.jar;c:\Users\thoma\.vscode\extensions\pivotal.vscode-spring-boot-1.39.0\language-server\BOOT-INF\lib\byte-buddy-1.12.13.jar;c:\Users\thoma\.vscode\extensions\pivotal.vscode-spring-boot-1.39.0\language-server\BOOT-INF\lib\caffeine-2.9.3.jar;c:\Users\thoma\.vscode\extensions\pivotal.vscode-spring-boot-1.39.0\language-server\BOOT-INF\lib\checker-qual-3.12.0.jar;c:\Users\thoma\.vscode\extensions\pivotal.vscode-spring-boot-1.39.0\language-server\BOOT-INF\lib\classgraph-4.8.149.jar;c:\Users\thoma\.vscode\extensions\pivotal.vscode-spring-boot-1.39.0\language-server\BOOT-INF\lib\commons-codec-1.15.jar;c:\Users\thoma\.vscode\extensions\pivotal.vscode-spring-boot-1.39.0\language-server\BOOT-INF\lib\commons-compress-1.21.jar;c:\Users\thoma\.vscode\extensions\pivotal.vscode-spring-boot-1.39.0\language-server\BOOT-INF\lib\commons-exec-1.3.jar;c:\Users\thoma\.vscode\extensions\pivotal.vscode-spring-boot-1.39.0\language-server\BOOT-INF\lib\com
Launcher Type: SUN_STANDARD

[Global flags]
     intx CICompilerCount                          = 4                                         {product} {ergonomic}
     uint ConcGCThreads                            = 3                                         {product} {ergonomic}
     uint G1ConcRefinementThreads                  = 10                                        {product} {ergonomic}
   size_t G1HeapRegionSize                         = 2097152                                   {product} {ergonomic}
    uintx GCDrainStackTargetSize                   = 64                                        {product} {ergonomic}
   size_t InitialHeapSize                          = 268435456                                 {product} {ergonomic}
   size_t MarkStackSize                            = 4194304                                   {product} {ergonomic}
   size_t MaxHeapSize                              = 4263510016                                {product} {ergonomic}
   size_t MaxNewSize                               = 2556428288                                {product} {ergonomic}
   size_t MinHeapDeltaBytes                        = 2097152                                   {product} {ergonomic}
   size_t MinHeapSize                              = 8388608                                   {product} {ergonomic}
    uintx NonProfiledCodeHeapSize                  = 0                                      {pd product} {ergonomic}
     bool ProfileInterpreter                       = false                                  {pd product} {command line}
    uintx ProfiledCodeHeapSize                     = 0                                      {pd product} {ergonomic}
   size_t SoftMaxHeapSize                          = 4263510016                             {manageable} {ergonomic}
     intx TieredStopAtLevel                        = 1                                         {product} {command line}
     bool UseCompressedClassPointers               = true                           {product lp64_product} {ergonomic}
     bool UseCompressedOops                        = true                           {product lp64_product} {ergonomic}
     bool UseG1GC                                  = true                                      {product} {ergonomic}
     bool UseLargePagesIndividualAllocation        = false                                  {pd product} {ergonomic}

Logging:
Log output configuration:
 #0: stdout all=warning,jni+resolve=off uptime,level,tags
 #1: stderr all=off uptime,level,tags

Environment Variables:
JAVA_HOME=C:\Program Files\Eclipse Adoptium\jdk-17.0.4.8-hotspot\
PATH=C:\Program Files\Eclipse Adoptium\jdk-17.0.4.8-hotspot\bin;C:\Program Files (x86)\VMware\VMware Player\bin\;C:\Program Files\ImageMagick-7.0.11-Q16-HDRI;C:\Program Files (x86)\Common Files\Intel\Shared Libraries\redist\intel64_win\compiler;C:\Program Files\Python36\Scripts\;C:\Program Files\Python36\;C:\Windows\system32;C:\Windows;C:\Windows\System32\Wbem;C:\Windows\System32\WindowsPowerShell\v1.0\;C:\Windows\System32\OpenSSH\;C:\Program Files (x86)\NVIDIA Corporation\PhysX\Common;C:\Program Files\NVIDIA Corporation\NVIDIA NvDLISR;C:\Program Files\Microsoft SQL Server\Client SDK\ODBC\170\Tools\Binn\;C:\Program Files\qemu;C:\WINDOWS\system32;C:\WINDOWS;C:\WINDOWS\System32\Wbem;C:\WINDOWS\System32\WindowsPowerShell\v1.0\;C:\WINDOWS\System32\OpenSSH\;C:\Program Files\Microsoft Network Monitor 3\;C:\Windows\Microsoft.NET\Framework64\v4.0.30319;C:\Program Files\dotnet\;C:\Program Files\nodejs\;C:\Program Files\Git\cmd;C:\Users\thoma\AppData\Local\Programs\Python\Python38\Scripts\;C:\Users\thoma\AppData\Local\Programs\Python\Python38\;C:\Users\thoma\AppData\Local\Microsoft\WindowsApps;C:\Program Files\qemu;C:\Users\thoma\.dotnet\tools;C:\Users\thoma\AppData\Local\Microsoft\WindowsApps;C:\Program Files\Eclipse Foundation\jdk-16.0.2.7-hotspot\bin;C:\Users\thoma\AppData\Local\Programs\Microsoft VS Code\bin;C:\Users\thoma\AppData\Roaming\npm;C:\Users\thoma\AppData\Local\GitHubDesktop\bin
USERNAME=thoma
OS=Windows_NT
PROCESSOR_IDENTIFIER=Intel64 Family 6 Model 158 Stepping 10, GenuineIntel
TMP=C:\Users\thoma\AppData\Local\Temp
TEMP=C:\Users\thoma\AppData\Local\Temp



---------------  S Y S T E M  ---------------

OS:
 Windows 10 , 64 bit Build 19041 (10.0.19041.1889)
OS uptime: 4 days 20:35 hours

CPU: total 12 (initial active 12) (6 cores per cpu, 2 threads per core) family 6 model 158 stepping 10 microcode 0xc6, cx8, cmov, fxsr, ht, mmx, 3dnowpref, sse, sse2, sse3, ssse3, sse4.1, sse4.2, popcnt, lzcnt, tsc, tscinvbit, avx, avx2, aes, erms, clmul, bmi1, bmi2, adx, fma, vzeroupper, clflush, clflushopt

Memory: 4k page, system-wide physical 16263M (503M free)
TotalPageFile size 46637M (AvailPageFile size 0M)
current process WorkingSet (physical memory assigned to process): 70M, peak: 1181M
current process commit charge ("private bytes"): 291M, peak: 1221M

vm_info: OpenJDK 64-Bit Server VM (17.0.4+8) for windows-amd64 JRE (17.0.4+8), built on Jul 19 2022 16:05:16 by "temurin" with MS VC++ 16.7 (VS2019)

END.
